\BOOKMARK [1][-]{section.1}{Introduction}{}% 1
\BOOKMARK [2][-]{subsection.1.1}{Motivation}{section.1}% 2
\BOOKMARK [2][-]{subsection.1.2}{Database Abstraction Layers}{section.1}% 3
\BOOKMARK [2][-]{subsection.1.3}{Data Independence}{section.1}% 4
\BOOKMARK [2][-]{subsection.1.4}{Data Modeling}{section.1}% 5
\BOOKMARK [1][-]{section.2}{Entity Relationship Model}{}% 6
\BOOKMARK [2][-]{subsection.2.1}{Building Blocks of an ER Model}{section.2}% 7
\BOOKMARK [3][-]{subsubsection.2.1.1}{Entities and Attributes}{subsection.2.1}% 8
\BOOKMARK [3][-]{subsubsection.2.1.2}{Relationships and Roles}{subsection.2.1}% 9
\BOOKMARK [3][-]{subsubsection.2.1.3}{Weak Entities}{subsection.2.1}% 10
\BOOKMARK [2][-]{subsection.2.2}{Characterization of Relationships}{section.2}% 11
\BOOKMARK [3][-]{subsubsection.2.2.1}{Cardinalities of Binary Relationships}{subsection.2.2}% 12
\BOOKMARK [3][-]{subsubsection.2.2.2}{Cardinalities of n-ary Relationships}{subsection.2.2}% 13
\BOOKMARK [3][-]{subsubsection.2.2.3}{\(min,max\)-Notation}{subsection.2.2}% 14
\BOOKMARK [2][-]{subsection.2.3}{Generalization}{section.2}% 15
\BOOKMARK [2][-]{subsection.2.4}{Aggregation}{section.2}% 16
\BOOKMARK [2][-]{subsection.2.5}{Consolidation}{section.2}% 17
\BOOKMARK [1][-]{section.3}{Relational Model}{}% 18
\BOOKMARK [2][-]{subsection.3.1}{Definition of a Relational Model}{section.3}% 19
\BOOKMARK [3][-]{subsubsection.3.1.1}{Mathematical Formalism}{subsection.3.1}% 20
\BOOKMARK [3][-]{subsubsection.3.1.2}{Definition of a Schema}{subsection.3.1}% 21
\BOOKMARK [2][-]{subsection.3.2}{From an ER Model to a Relational Model}{section.3}% 22
\BOOKMARK [3][-]{subsubsection.3.2.1}{Representation of Entity Types}{subsection.3.2}% 23
\BOOKMARK [3][-]{subsubsection.3.2.2}{Representation of Relationships}{subsection.3.2}% 24
\BOOKMARK [2][-]{subsection.3.3}{Relational Algebra}{section.3}% 25
\BOOKMARK [3][-]{subsubsection.3.3.1}{Selection}{subsection.3.3}% 26
\BOOKMARK [3][-]{subsubsection.3.3.2}{Projection}{subsection.3.3}% 27
\BOOKMARK [3][-]{subsubsection.3.3.3}{Cartesian Product}{subsection.3.3}% 28
\BOOKMARK [3][-]{subsubsection.3.3.4}{Rename Operator}{subsection.3.3}% 29
\BOOKMARK [3][-]{subsubsection.3.3.5}{Set Operators}{subsection.3.3}% 30
\BOOKMARK [3][-]{subsubsection.3.3.6}{Join Operators}{subsection.3.3}% 31
\BOOKMARK [3][-]{subsubsection.3.3.7}{Relational Division}{subsection.3.3}% 32
\BOOKMARK [2][-]{subsection.3.4}{Relational Calculus}{section.3}% 33
\BOOKMARK [3][-]{subsubsection.3.4.1}{Tuple Relational Calculus}{subsection.3.4}% 34
\BOOKMARK [3][-]{subsubsection.3.4.2}{Safe Expressions in TRC}{subsection.3.4}% 35
\BOOKMARK [3][-]{subsubsection.3.4.3}{Domain Relational Calculus}{subsection.3.4}% 36
\BOOKMARK [3][-]{subsubsection.3.4.4}{Safe Expressions in DRC}{subsection.3.4}% 37
\BOOKMARK [2][-]{subsection.3.5}{Codd's Theorem}{section.3}% 38
\BOOKMARK [1][-]{section.4}{Relational Design Theory}{}% 39
\BOOKMARK [2][-]{subsection.4.1}{Functional Dependencies}{section.4}% 40
\BOOKMARK [3][-]{subsubsection.4.1.1}{Armstrong's Axioms and Conclusions}{subsection.4.1}% 41
\BOOKMARK [3][-]{subsubsection.4.1.2}{Closure of Attributes}{subsection.4.1}% 42
\BOOKMARK [3][-]{subsubsection.4.1.3}{Minimal Basis}{subsection.4.1}% 43
\BOOKMARK [2][-]{subsection.4.2}{Multivalued Dependencies}{section.4}% 44
\BOOKMARK [3][-]{subsubsection.4.2.1}{Properties of MVD}{subsection.4.2}% 45
\BOOKMARK [2][-]{subsection.4.3}{Keys}{section.4}% 46
\BOOKMARK [2][-]{subsection.4.4}{Bad Relational Schemas}{section.4}% 47
\BOOKMARK [2][-]{subsection.4.5}{Decomposition of Relations}{section.4}% 48
\BOOKMARK [3][-]{subsubsection.4.5.1}{Lossless Decompositions}{subsection.4.5}% 49
\BOOKMARK [3][-]{subsubsection.4.5.2}{Preservation of Dependencies}{subsection.4.5}% 50
\BOOKMARK [2][-]{subsection.4.6}{Normal Forms}{section.4}% 51
\BOOKMARK [3][-]{subsubsection.4.6.1}{First Normal Form}{subsection.4.6}% 52
\BOOKMARK [3][-]{subsubsection.4.6.2}{Second Normal Form}{subsection.4.6}% 53
\BOOKMARK [3][-]{subsubsection.4.6.3}{Third Normal Form}{subsection.4.6}% 54
\BOOKMARK [3][-]{subsubsection.4.6.4}{Boyce-Codd Normal Form}{subsection.4.6}% 55
\BOOKMARK [3][-]{subsubsection.4.6.5}{Fourth Normal Form}{subsection.4.6}% 56
\BOOKMARK [1][-]{section.5}{Database Internals}{}% 57
\BOOKMARK [2][-]{subsection.5.1}{Database Optimizations}{section.5}% 58
\BOOKMARK [2][-]{subsection.5.2}{Storage Hierarchy}{section.5}% 59
\BOOKMARK [2][-]{subsection.5.3}{Buffer Management}{section.5}% 60
\BOOKMARK [3][-]{subsubsection.5.3.1}{Least Recently Used}{subsection.5.3}% 61
\BOOKMARK [3][-]{subsubsection.5.3.2}{Clock Replacement}{subsection.5.3}% 62
\BOOKMARK [2][-]{subsection.5.4}{Data Manager}{section.5}% 63
\BOOKMARK [2][-]{subsection.5.5}{Query Processing}{section.5}% 64
\BOOKMARK [3][-]{subsubsection.5.5.1}{Parser}{subsection.5.5}% 65
\BOOKMARK [3][-]{subsubsection.5.5.2}{Query Rewrite}{subsection.5.5}% 66
\BOOKMARK [3][-]{subsubsection.5.5.3}{Query Optimization}{subsection.5.5}% 67
\BOOKMARK [3][-]{subsubsection.5.5.4}{Iterator Model}{subsection.5.5}% 68
\BOOKMARK [2][-]{subsection.5.6}{Algorithms for Relational Algebra}{section.5}% 69
\BOOKMARK [3][-]{subsubsection.5.6.1}{Two-Phase External Sort}{subsection.5.6}% 70
\BOOKMARK [3][-]{subsubsection.5.6.2}{Grace Hash Join}{subsection.5.6}% 71
\BOOKMARK [3][-]{subsubsection.5.6.3}{Sorting vs Hashing}{subsection.5.6}% 72
\BOOKMARK [1][-]{section.6}{Transaction Processing}{}% 73
\BOOKMARK [2][-]{subsection.6.1}{Transactions}{section.6}% 74
\BOOKMARK [3][-]{subsubsection.6.1.1}{Properties of Transactions}{subsection.6.1}% 75
\BOOKMARK [3][-]{subsubsection.6.1.2}{Savepoints and Backups}{subsection.6.1}% 76
\BOOKMARK [3][-]{subsubsection.6.1.3}{Conflicting Operations}{subsection.6.1}% 77
\BOOKMARK [2][-]{subsection.6.2}{Cuncurrency Control Theory}{section.6}% 78
\BOOKMARK [3][-]{subsubsection.6.2.1}{Histories}{subsection.6.2}% 79
\BOOKMARK [3][-]{subsubsection.6.2.2}{Equivalent Histories}{subsection.6.2}% 80
\BOOKMARK [3][-]{subsubsection.6.2.3}{Serializable History}{subsection.6.2}% 81
\BOOKMARK [2][-]{subsection.6.3}{Recovery Theory}{section.6}% 82
\BOOKMARK [3][-]{subsubsection.6.3.1}{Recoverable Histories}{subsection.6.3}% 83
\BOOKMARK [3][-]{subsubsection.6.3.2}{Avoiding Cascading Aborts}{subsection.6.3}% 84
\BOOKMARK [3][-]{subsubsection.6.3.3}{Strict Histories}{subsection.6.3}% 85
\BOOKMARK [2][-]{subsection.6.4}{Database Scheduler}{section.6}% 86
\BOOKMARK [2][-]{subsection.6.5}{Lock Based Synchronization}{section.6}% 87
\BOOKMARK [3][-]{subsubsection.6.5.1}{Two-Phase Locking Protocol}{subsection.6.5}% 88
\BOOKMARK [3][-]{subsubsection.6.5.2}{Strict Two-Phase Locking Protocol}{subsection.6.5}% 89
\BOOKMARK [3][-]{subsubsection.6.5.3}{Deadlock Detection}{subsection.6.5}% 90
\BOOKMARK [2][-]{subsection.6.6}{Snapshot Isolation}{section.6}% 91
\BOOKMARK [3][-]{subsubsection.6.6.1}{Lost Updates}{subsection.6.6}% 92
\BOOKMARK [3][-]{subsubsection.6.6.2}{Write Skew Anomaly}{subsection.6.6}% 93
\BOOKMARK [3][-]{subsubsection.6.6.3}{Comparison with Two-Phase Locking}{subsection.6.6}% 94
\BOOKMARK [2][-]{subsection.6.7}{Distributed Transaction Processing}{section.6}% 95
\BOOKMARK [3][-]{subsubsection.6.7.1}{Atomic Commit}{subsection.6.7}% 96
\BOOKMARK [3][-]{subsubsection.6.7.2}{Two-Phase Commit Protocol}{subsection.6.7}% 97
\BOOKMARK [3][-]{subsubsection.6.7.3}{Linear Two-Phase Commit Protocol}{subsection.6.7}% 98
\BOOKMARK [3][-]{subsubsection.6.7.4}{Three-Way Commit Protocol}{subsection.6.7}% 99
\BOOKMARK [1][-]{section.7}{Replication}{}% 100
\BOOKMARK [2][-]{subsection.7.1}{Replication Strategies}{section.7}% 101
\BOOKMARK [3][-]{subsubsection.7.1.1}{Synchronous Replication}{subsection.7.1}% 102
\BOOKMARK [3][-]{subsubsection.7.1.2}{Asynchronous Replication}{subsection.7.1}% 103
\BOOKMARK [3][-]{subsubsection.7.1.3}{Update Everywhere}{subsection.7.1}% 104
\BOOKMARK [3][-]{subsubsection.7.1.4}{Primary Copy}{subsection.7.1}% 105
\BOOKMARK [2][-]{subsection.7.2}{Replication Protocols}{section.7}% 106
\BOOKMARK [3][-]{subsubsection.7.2.1}{Quorum Protocols}{subsection.7.2}% 107
\BOOKMARK [3][-]{subsubsection.7.2.2}{Deadlock Problem}{subsection.7.2}% 108
\BOOKMARK [3][-]{subsubsection.7.2.3}{Reconciliation}{subsection.7.2}% 109
\BOOKMARK [1][-]{section.8}{Database Security}{}% 110
\BOOKMARK [2][-]{subsection.8.1}{Security Tasks}{section.8}% 111
\BOOKMARK [2][-]{subsection.8.2}{Discretionary Access Controls}{section.8}% 112
\BOOKMARK [3][-]{subsubsection.8.2.1}{Access Control in SQL}{subsection.8.2}% 113
\BOOKMARK [1][-]{section.A}{SQL}{}% 114
\BOOKMARK [2][-]{subsection.A.1}{Data Types}{section.A}% 115
\BOOKMARK [2][-]{subsection.A.2}{Data Definition Language}{section.A}% 116
\BOOKMARK [2][-]{subsection.A.3}{Data Manipulation Language}{section.A}% 117
\BOOKMARK [2][-]{subsection.A.4}{Queries}{section.A}% 118
\BOOKMARK [2][-]{subsection.A.5}{Isolation in SQL92}{section.A}% 119
